{
  "stats": {
    "suites": 1,
    "tests": 3,
    "passes": 3,
    "pending": 0,
    "failures": 0,
    "start": "2023-12-18T09:15:10.484Z",
    "end": "2023-12-18T09:15:18.721Z",
    "duration": 8237,
    "testsRegistered": 3,
    "passPercent": 100,
    "pendingPercent": 0,
    "other": 0,
    "hasOther": false,
    "skipped": 0,
    "hasSkipped": false
  },
  "results": [
    {
      "uuid": "91b0e3f0-67e8-4918-a4be-456530128e7e",
      "title": "",
      "fullFile": "cypress\\e2e\\SCENARIO\\login_page.cy.js",
      "file": "cypress\\e2e\\SCENARIO\\login_page.cy.js",
      "beforeHooks": [],
      "afterHooks": [],
      "tests": [],
      "suites": [
        {
          "uuid": "37682cc3-3d19-4aa2-93fc-f7e3f7d4d82e",
          "title": "login page ",
          "fullFile": "",
          "file": "",
          "beforeHooks": [],
          "afterHooks": [],
          "tests": [
            {
              "title": "password error should be visible",
              "fullTitle": "login page  password error should be visible",
              "timedOut": null,
              "duration": 4154,
              "state": "passed",
              "speed": "fast",
              "pass": true,
              "fail": false,
              "pending": false,
              "context": null,
              "code": "cy.visit('http://localhost:8080/#/');\ncy.get('[data-cy=\"nav-link-login\"]').click();\ncy.get('[data-cy=\"login-input-username\"]').type('test2@test.fr');\ncy.get('[data-cy=\"login-input-password\"]').type('1234');\ncy.get('[data-cy=\"login-submit\"]').click();\ncy.contains('Identifiants incorrects').should('be.visible');",
              "err": {},
              "uuid": "06c9a088-20cf-44f8-b2f4-ca0b502afd9a",
              "parentUUID": "37682cc3-3d19-4aa2-93fc-f7e3f7d4d82e",
              "isHook": false,
              "skipped": false
            },
            {
              "title": "the empty fields error should be visible",
              "fullTitle": "login page  the empty fields error should be visible",
              "timedOut": null,
              "duration": 325,
              "state": "passed",
              "speed": "fast",
              "pass": true,
              "fail": false,
              "pending": false,
              "context": null,
              "code": "cy.visit('http://localhost:8080/#/');\ncy.get('[data-cy=\"nav-link-login\"]').click();\ncy.get('[data-cy=\"login-submit\"]').click();\ncy.contains('Merci de remplir correctement tous les champs').should('be.visible');",
              "err": {},
              "uuid": "24a01988-789a-469b-9eba-aa96d870a872",
              "parentUUID": "37682cc3-3d19-4aa2-93fc-f7e3f7d4d82e",
              "isHook": false,
              "skipped": false
            },
            {
              "title": "correct username and password",
              "fullTitle": "login page  correct username and password",
              "timedOut": null,
              "duration": 1587,
              "state": "passed",
              "speed": "fast",
              "pass": true,
              "fail": false,
              "pending": false,
              "context": null,
              "code": "cy.visit('http://localhost:8080/#/');\ncy.get('[data-cy=\"nav-link-login\"]').click();\ncy.get('[data-cy=\"login-input-username\"]').type('test2@test.fr');\ncy.get('[data-cy=\"login-input-password\"]').type('testtest');\ncy.get('[data-cy=\"login-submit\"]').click();\ncy.contains('Mon panier').should('be.visible');",
              "err": {},
              "uuid": "25385a1b-801f-4bf9-8c1b-eb3f69295178",
              "parentUUID": "37682cc3-3d19-4aa2-93fc-f7e3f7d4d82e",
              "isHook": false,
              "skipped": false
            }
          ],
          "suites": [],
          "passes": [
            "06c9a088-20cf-44f8-b2f4-ca0b502afd9a",
            "24a01988-789a-469b-9eba-aa96d870a872",
            "25385a1b-801f-4bf9-8c1b-eb3f69295178"
          ],
          "failures": [],
          "pending": [],
          "skipped": [],
          "duration": 6066,
          "root": false,
          "rootEmpty": false,
          "_timeout": 2000
        }
      ],
      "passes": [],
      "failures": [],
      "pending": [],
      "skipped": [],
      "duration": 0,
      "root": true,
      "rootEmpty": true,
      "_timeout": 2000
    }
  ],
  "meta": {
    "mocha": {
      "version": "7.0.1"
    },
    "mochawesome": {
      "options": {
        "quiet": false,
        "reportFilename": "mochawesome",
        "saveHtml": false,
        "saveJson": true,
        "consoleReporter": "spec",
        "useInlineDiffs": false,
        "code": true
      },
      "version": "7.1.3"
    },
    "marge": {
      "options": {
        "reportDir": "cypress/report/mochawesome-report",
        "overwrite": false,
        "html": false,
        "json": true,
        "charts": true
      },
      "version": "6.2.0"
    }
  }
}