{
  "stats": {
    "suites": 1,
    "tests": 2,
    "passes": 2,
    "pending": 0,
    "failures": 0,
    "start": "2023-12-18T09:14:14.918Z",
    "end": "2023-12-18T09:14:15.591Z",
    "duration": 673,
    "testsRegistered": 2,
    "passPercent": 100,
    "pendingPercent": 0,
    "other": 0,
    "hasOther": false,
    "skipped": 0,
    "hasSkipped": false
  },
  "results": [
    {
      "uuid": "d0bc2401-aa8e-43fa-b243-83a3eb60ca2f",
      "title": "",
      "fullFile": "cypress\\e2e\\API\\reviews_api.cy.js",
      "file": "cypress\\e2e\\API\\reviews_api.cy.js",
      "beforeHooks": [],
      "afterHooks": [],
      "tests": [],
      "suites": [
        {
          "uuid": "9d7262bb-0f43-4615-b957-d4d158f25edc",
          "title": "addind a review",
          "fullFile": "",
          "file": "",
          "beforeHooks": [],
          "afterHooks": [],
          "tests": [
            {
              "title": "login test true",
              "fullTitle": "addind a review login test true",
              "timedOut": null,
              "duration": 474,
              "state": "passed",
              "speed": "fast",
              "pass": true,
              "fail": false,
              "pending": false,
              "context": null,
              "code": "cy.request({\n  method: 'POST',\n  url: 'http://localhost:8081/login',\n  body: {\n    username: 'test2@test.fr',\n    password: 'testtest'\n  }\n}).then(response => {\n  expect(response.status).to.eq(200);\n  expect(response.body).to.have.property('token');\n  authToken = response.body.token;\n});",
              "err": {},
              "uuid": "e57893fb-630e-4bbd-916c-ada2e4fbb96f",
              "parentUUID": "9d7262bb-0f43-4615-b957-d4d158f25edc",
              "isHook": false,
              "skipped": false
            },
            {
              "title": "adding a review",
              "fullTitle": "addind a review adding a review",
              "timedOut": null,
              "duration": 159,
              "state": "passed",
              "speed": "fast",
              "pass": true,
              "fail": false,
              "pending": false,
              "context": null,
              "code": "cy.request({\n  method: 'POST',\n  url: 'http://localhost:8081/reviews',\n  headers: {\n    Authorization: `Bearer ${authToken}`\n  },\n  body: {\n    title: 'Ceci est le titre de mon avis',\n    comment: 'Ceci est un commentaire pour tester les avis',\n    rating: '5'\n  }\n}).then(response => {\n  expect(response.status).to.eq(200);\n});",
              "err": {},
              "uuid": "bc1233d1-04b3-4c59-98fa-51a363ddafdf",
              "parentUUID": "9d7262bb-0f43-4615-b957-d4d158f25edc",
              "isHook": false,
              "skipped": false
            }
          ],
          "suites": [],
          "passes": [
            "e57893fb-630e-4bbd-916c-ada2e4fbb96f",
            "bc1233d1-04b3-4c59-98fa-51a363ddafdf"
          ],
          "failures": [],
          "pending": [],
          "skipped": [],
          "duration": 633,
          "root": false,
          "rootEmpty": false,
          "_timeout": 2000
        }
      ],
      "passes": [],
      "failures": [],
      "pending": [],
      "skipped": [],
      "duration": 0,
      "root": true,
      "rootEmpty": true,
      "_timeout": 2000
    }
  ],
  "meta": {
    "mocha": {
      "version": "7.0.1"
    },
    "mochawesome": {
      "options": {
        "quiet": false,
        "reportFilename": "mochawesome",
        "saveHtml": false,
        "saveJson": true,
        "consoleReporter": "spec",
        "useInlineDiffs": false,
        "code": true
      },
      "version": "7.1.3"
    },
    "marge": {
      "options": {
        "reportDir": "cypress/report/mochawesome-report",
        "overwrite": false,
        "html": false,
        "json": true,
        "charts": true
      },
      "version": "6.2.0"
    }
  }
}