{
  "stats": {
    "suites": 1,
    "tests": 2,
    "passes": 2,
    "pending": 0,
    "failures": 0,
    "start": "2023-12-18T09:14:07.437Z",
    "end": "2023-12-18T09:14:08.409Z",
    "duration": 972,
    "testsRegistered": 2,
    "passPercent": 100,
    "pendingPercent": 0,
    "other": 0,
    "hasOther": false,
    "skipped": 0,
    "hasSkipped": false
  },
  "results": [
    {
      "uuid": "47a74218-3a32-4aab-9340-726276ce9fa3",
      "title": "",
      "fullFile": "cypress\\e2e\\API\\login_api.cy.js",
      "file": "cypress\\e2e\\API\\login_api.cy.js",
      "beforeHooks": [],
      "afterHooks": [],
      "tests": [],
      "suites": [
        {
          "uuid": "6df69d04-6424-4f89-9c0e-fac38ae939bc",
          "title": "login page with api",
          "fullFile": "",
          "file": "",
          "beforeHooks": [],
          "afterHooks": [],
          "tests": [
            {
              "title": "login test true",
              "fullTitle": "login page with api login test true",
              "timedOut": null,
              "duration": 485,
              "state": "passed",
              "speed": "fast",
              "pass": true,
              "fail": false,
              "pending": false,
              "context": null,
              "code": "cy.request({\n  method: 'POST',\n  url: 'http://localhost:8081/login',\n  body: {\n    username: 'test2@test.fr',\n    password: 'testtest'\n  }\n}).then(response => {\n  expect(response.status).to.eq(200);\n  expect(response.body).to.have.property('token');\n  authToken = response.body.token;\n});",
              "err": {},
              "uuid": "68a1df69-6751-4581-9021-2a4fb3b2f101",
              "parentUUID": "6df69d04-6424-4f89-9c0e-fac38ae939bc",
              "isHook": false,
              "skipped": false
            },
            {
              "title": "login test false",
              "fullTitle": "login page with api login test false",
              "timedOut": null,
              "duration": 452,
              "state": "passed",
              "speed": "fast",
              "pass": true,
              "fail": false,
              "pending": false,
              "context": null,
              "code": "cy.request({\n  method: 'POST',\n  url: 'http://localhost:8081/login',\n  body: {\n    username: 'test2@test.fr',\n    password: '1234'\n  },\n  failOnStatusCode: false\n}).then(response => {\n  expect(response.status).to.eq(401);\n});",
              "err": {},
              "uuid": "f5417f2b-c54d-495c-8e24-e772512b94b8",
              "parentUUID": "6df69d04-6424-4f89-9c0e-fac38ae939bc",
              "isHook": false,
              "skipped": false
            }
          ],
          "suites": [],
          "passes": [
            "68a1df69-6751-4581-9021-2a4fb3b2f101",
            "f5417f2b-c54d-495c-8e24-e772512b94b8"
          ],
          "failures": [],
          "pending": [],
          "skipped": [],
          "duration": 937,
          "root": false,
          "rootEmpty": false,
          "_timeout": 2000
        }
      ],
      "passes": [],
      "failures": [],
      "pending": [],
      "skipped": [],
      "duration": 0,
      "root": true,
      "rootEmpty": true,
      "_timeout": 2000
    }
  ],
  "meta": {
    "mocha": {
      "version": "7.0.1"
    },
    "mochawesome": {
      "options": {
        "quiet": false,
        "reportFilename": "mochawesome",
        "saveHtml": false,
        "saveJson": true,
        "consoleReporter": "spec",
        "useInlineDiffs": false,
        "code": true
      },
      "version": "7.1.3"
    },
    "marge": {
      "options": {
        "reportDir": "cypress/report/mochawesome-report",
        "overwrite": false,
        "html": false,
        "json": true,
        "charts": true
      },
      "version": "6.2.0"
    }
  }
}