{
  "stats": {
    "suites": 1,
    "tests": 5,
    "passes": 5,
    "pending": 0,
    "failures": 0,
    "start": "2023-12-18T09:14:27.555Z",
    "end": "2023-12-18T09:14:36.610Z",
    "duration": 9055,
    "testsRegistered": 5,
    "passPercent": 100,
    "pendingPercent": 0,
    "other": 0,
    "hasOther": false,
    "skipped": 0,
    "hasSkipped": false
  },
  "results": [
    {
      "uuid": "5a8974d5-52d7-4b90-8ae9-c312954b6272",
      "title": "",
      "fullFile": "cypress\\e2e\\SCENARIO\\cart_1p1q.cy.js",
      "file": "cypress\\e2e\\SCENARIO\\cart_1p1q.cy.js",
      "beforeHooks": [],
      "afterHooks": [],
      "tests": [],
      "suites": [
        {
          "uuid": "af938d33-fcc1-4da6-a773-f2774d2427e9",
          "title": "adding a product to the cart",
          "fullFile": "",
          "file": "",
          "beforeHooks": [],
          "afterHooks": [],
          "tests": [
            {
              "title": "login test true",
              "fullTitle": "adding a product to the cart login test true",
              "timedOut": null,
              "duration": 495,
              "state": "passed",
              "speed": "fast",
              "pass": true,
              "fail": false,
              "pending": false,
              "context": null,
              "code": "cy.request({\n  method: 'POST',\n  url: 'http://localhost:8081/login',\n  body: {\n    username: 'test2@test.fr',\n    password: 'testtest'\n  }\n}).then(response => {\n  expect(response.status).to.eq(200);\n  expect(response.body).to.have.property('token');\n  authToken = response.body.token;\n});",
              "err": {},
              "uuid": "03f2d6e7-19ac-485f-923e-983324284ac1",
              "parentUUID": "af938d33-fcc1-4da6-a773-f2774d2427e9",
              "isHook": false,
              "skipped": false
            },
            {
              "title": "verify order lines",
              "fullTitle": "adding a product to the cart verify order lines",
              "timedOut": null,
              "duration": 112,
              "state": "passed",
              "speed": "fast",
              "pass": true,
              "fail": false,
              "pending": false,
              "context": null,
              "code": "cy.request({\n  method: 'GET',\n  url: 'http://localhost:8081/orders',\n  headers: {\n    Authorization: `Bearer ${authToken}`\n  }\n}).then(response => {\n  expect(response.status).to.eq(200);\n  orderLines = response.body.orderLines;\n  orderLines.forEach(line => {\n    cy.request({\n      method: 'DELETE',\n      url: 'http://localhost:8081/orders/' + line.id + '/delete',\n      headers: {\n        Authorization: `Bearer ${authToken}`\n      }\n    });\n  });\n});",
              "err": {},
              "uuid": "24f1314c-9f69-4b22-9e80-dbd78f69fa2f",
              "parentUUID": "af938d33-fcc1-4da6-a773-f2774d2427e9",
              "isHook": false,
              "skipped": false
            },
            {
              "title": "adding a product to the cart",
              "fullTitle": "adding a product to the cart adding a product to the cart",
              "timedOut": null,
              "duration": 6555,
              "state": "passed",
              "speed": "medium",
              "pass": true,
              "fail": false,
              "pending": false,
              "context": null,
              "code": "(0, _connection.connexion)();\n//On va sur la page des produits pour en sélectionner un\ncy.get('[data-cy=\"nav-link-products\"]').click();\ncy.get('button').eq(2).should('contain', 'Consulter').click();\n//On vérifie la quantité en stock avant ajout au panier\ncy.wait(1000);\ncy.get('[data-cy=\"detail-product-stock\"]').invoke('text').then(qttAvant => {\n  stockAvant = parseInt(qttAvant.split(' ')[0]);\n});\n//On ajoute au panier    \ncy.get('[data-cy=\"detail-product-add\"]').click();\n//On va sur le panier vérifier que le produit a bien été ajouté \ncy.get('[data-cy=\"nav-link-cart\"]').click();\ncy.contains('Vos informations').should('exist');\ncy.contains('Vos informations').should('exist');\ncy.contains('Poussière de lune').should('be.visible');\ncy.get('[data-cy=\"cart-line-quantity\"]').invoke('val').then(qttCart => {\n  stockCart = parseInt(qttCart.split(' ')[0]);\n});\n//On retourne sur la page du produit pour vérifier que la quantité a bien diminué    \ncy.get('[data-cy=\"nav-link-products\"]').click();\ncy.get('button').eq(2).should('contain', 'Consulter').click();\ncy.wait(1000);\ncy.get('[data-cy=\"detail-product-stock\"]').invoke('text').then(qttApres => {\n  stockApres = parseInt(qttApres.split(' ')[0]);\n  expect(stockApres + stockCart).to.equal(stockAvant);\n});",
              "err": {},
              "uuid": "e628ac4f-9bc5-4b60-bd27-8f916baa8390",
              "parentUUID": "af938d33-fcc1-4da6-a773-f2774d2427e9",
              "isHook": false,
              "skipped": false
            },
            {
              "title": "login test true",
              "fullTitle": "adding a product to the cart login test true",
              "timedOut": null,
              "duration": 456,
              "state": "passed",
              "speed": "fast",
              "pass": true,
              "fail": false,
              "pending": false,
              "context": null,
              "code": "cy.request({\n  method: 'POST',\n  url: 'http://localhost:8081/login',\n  body: {\n    username: 'test2@test.fr',\n    password: 'testtest'\n  }\n}).then(response => {\n  expect(response.status).to.eq(200);\n  expect(response.body).to.have.property('token');\n  authToken = response.body.token;\n});",
              "err": {},
              "uuid": "b88cb6ee-b3fd-4fd2-8183-30f7e82e435d",
              "parentUUID": "af938d33-fcc1-4da6-a773-f2774d2427e9",
              "isHook": false,
              "skipped": false
            },
            {
              "title": "verify order lines",
              "fullTitle": "adding a product to the cart verify order lines",
              "timedOut": null,
              "duration": 124,
              "state": "passed",
              "speed": "fast",
              "pass": true,
              "fail": false,
              "pending": false,
              "context": null,
              "code": "cy.request({\n  method: 'GET',\n  url: 'http://localhost:8081/orders',\n  headers: {\n    Authorization: `Bearer ${authToken}`\n  }\n}).then(response => {\n  expect(response.status).to.eq(200);\n  response.body.orderLines.forEach(orderLine => {\n    if (orderLine.product.id === 5) {\n      expect(orderLine.quantity).to.be.equal(1);\n    }\n  });\n});",
              "err": {},
              "uuid": "29debe63-fa1a-42c3-8b47-388907e062ee",
              "parentUUID": "af938d33-fcc1-4da6-a773-f2774d2427e9",
              "isHook": false,
              "skipped": false
            }
          ],
          "suites": [],
          "passes": [
            "03f2d6e7-19ac-485f-923e-983324284ac1",
            "24f1314c-9f69-4b22-9e80-dbd78f69fa2f",
            "e628ac4f-9bc5-4b60-bd27-8f916baa8390",
            "b88cb6ee-b3fd-4fd2-8183-30f7e82e435d",
            "29debe63-fa1a-42c3-8b47-388907e062ee"
          ],
          "failures": [],
          "pending": [],
          "skipped": [],
          "duration": 7742,
          "root": false,
          "rootEmpty": false,
          "_timeout": 2000
        }
      ],
      "passes": [],
      "failures": [],
      "pending": [],
      "skipped": [],
      "duration": 0,
      "root": true,
      "rootEmpty": true,
      "_timeout": 2000
    }
  ],
  "meta": {
    "mocha": {
      "version": "7.0.1"
    },
    "mochawesome": {
      "options": {
        "quiet": false,
        "reportFilename": "mochawesome",
        "saveHtml": false,
        "saveJson": true,
        "consoleReporter": "spec",
        "useInlineDiffs": false,
        "code": true
      },
      "version": "7.1.3"
    },
    "marge": {
      "options": {
        "reportDir": "cypress/report/mochawesome-report",
        "overwrite": false,
        "html": false,
        "json": true,
        "charts": true
      },
      "version": "6.2.0"
    }
  }
}